<?xml version="1.0" encoding="UTF-8"?>
<!-- Generated by org.testng.reporters.JUnitXMLReporter -->
<testsuite hostname="LAPTOP-98BBEGTQ" ignored="0" name="api test" tests="1" failures="1" timestamp="07 Apr 2021 11:04:16 GMT" time="6.559" errors="0">
  <testcase name="feature" time="6.219" classname="cucumber.api.testng.AbstractTestNGCucumberTests">
    <failure type="cucumber.runtime.CucumberException" message="java.lang.AssertionError: expected [400] but found [200]">
      <![CDATA[cucumber.runtime.CucumberException: java.lang.AssertionError: expected [400] but found [200]
at cucumber.api.testng.TestNGCucumberRunner.runCucumber(TestNGCucumberRunner.java:69)
at cucumber.api.testng.AbstractTestNGCucumberTests.feature(AbstractTestNGCucumberTests.java:21)
Caused by: java.lang.AssertionError: expected [400] but found [200]
at steps.FunctionalSteps.book_should_be_created(FunctionalSteps.java:53)
at âœ½.Then book should be created(Book_Post.feature:8)
... Removed 34 stack frames]]>
    </failure>
  </testcase> <!-- feature -->
</testsuite> <!-- api test -->
